<?xml version="1.0" encoding="UTF-8"?>
<testng-results skipped="0" failed="1" ignored="0" total="1" passed="0">
  <reporter-output>
  </reporter-output>
  <suite name="Default suite" duration-ms="70063" started-at="2017-09-21T18:20:10Z" finished-at="2017-09-21T18:21:20Z">
    <groups>
    </groups>
    <test name="Default test" duration-ms="70063" started-at="2017-09-21T18:20:10Z" finished-at="2017-09-21T18:21:20Z">
      <class name="com.verizon.bmc.testscripts.TestPricingRequest">
        <test-method status="PASS" signature="launchBrowser()[pri:0, instance:com.verizon.bmc.testscripts.TestPricingRequest@e45eb6]" name="launchBrowser" is-config="true" duration-ms="20652" started-at="2017-09-21T14:20:10Z" finished-at="2017-09-21T14:20:31Z">
          <reporter-output>
          </reporter-output>
        </test-method> <!-- launchBrowser -->
        <test-method status="FAIL" signature="testValidateRequest()[pri:2, instance:com.verizon.bmc.testscripts.TestPricingRequest@e45eb6]" name="testValidateRequest" duration-ms="49254" started-at="2017-09-21T14:20:31Z" finished-at="2017-09-21T14:21:20Z">
          <exception class="java.lang.NullPointerException">
            <full-stacktrace>
              <![CDATA[java.lang.NullPointerException
	at com.verizon.bmc.testscripts.TestPricingRequest.expandDemandManagement(TestPricingRequest.java:68)
	at com.verizon.bmc.testscripts.TestPricingRequest.testValidateRequest(TestPricingRequest.java:48)
	at sun.reflect.NativeMethodAccessorImpl.invoke0(Native Method)
	at sun.reflect.NativeMethodAccessorImpl.invoke(Unknown Source)
	at sun.reflect.DelegatingMethodAccessorImpl.invoke(Unknown Source)
	at java.lang.reflect.Method.invoke(Unknown Source)
	at org.testng.internal.MethodInvocationHelper.invokeMethod(MethodInvocationHelper.java:108)
	at org.testng.internal.Invoker.invokeMethod(Invoker.java:669)
	at org.testng.internal.Invoker.invokeTestMethod(Invoker.java:877)
	at org.testng.internal.Invoker.invokeTestMethods(Invoker.java:1201)
	at org.testng.internal.TestMethodWorker.invokeTestMethods(TestMethodWorker.java:125)
	at org.testng.internal.TestMethodWorker.run(TestMethodWorker.java:109)
	at org.testng.TestRunner.privateRun(TestRunner.java:776)
	at org.testng.TestRunner.run(TestRunner.java:634)
	at org.testng.SuiteRunner.runTest(SuiteRunner.java:425)
	at org.testng.SuiteRunner.runSequentially(SuiteRunner.java:420)
	at org.testng.SuiteRunner.privateRun(SuiteRunner.java:385)
	at org.testng.SuiteRunner.run(SuiteRunner.java:334)
	at org.testng.SuiteRunnerWorker.runSuite(SuiteRunnerWorker.java:52)
	at org.testng.SuiteRunnerWorker.run(SuiteRunnerWorker.java:86)
	at org.testng.TestNG.runSuitesSequentially(TestNG.java:1318)
	at org.testng.TestNG.runSuitesLocally(TestNG.java:1243)
	at org.testng.TestNG.runSuites(TestNG.java:1161)
	at org.testng.TestNG.run(TestNG.java:1129)
	at org.testng.remote.AbstractRemoteTestNG.run(AbstractRemoteTestNG.java:114)
	at org.testng.remote.RemoteTestNG.initAndRun(RemoteTestNG.java:251)
	at org.testng.remote.RemoteTestNG.main(RemoteTestNG.java:77)
]]>
            </full-stacktrace>
          </exception> <!-- java.lang.NullPointerException -->
          <reporter-output>
          </reporter-output>
        </test-method> <!-- testValidateRequest -->
      </class> <!-- com.verizon.bmc.testscripts.TestPricingRequest -->
    </test> <!-- Default test -->
  </suite> <!-- Default suite -->
</testng-results>
